<?xml version="1.0" encoding="UTF-8"?>
<!-- Generated by org.testng.reporters.JUnitReportReporter -->
<testsuite skipped="0" hostname="Binoy-Desktop" name="com.inetbanking.testCases.TC_LoginTest_001" tests="1" failures="0" timestamp="15 Mar 2022 17:27:29 GMT" time="1.863" errors="0">
  <testcase name="loginTest" time="1.863" classname="com.inetbanking.testCases.TC_LoginTest_001"/>
</testsuite> <!-- com.inetbanking.testCases.TC_LoginTest_001 -->
